<?xml version="1.0" encoding="UTF-8"?>
<!-- Generated by org.testng.reporters.JUnitReportReporter -->
<testsuite hostname="Mukesh" name="testcases.StartApplication" tests="1" failures="0" timestamp="10 Jul 2016 17:49:40 GMT" time="43.548" errors="0">
  <testcase name="test1" time="43.548" classname="testcases.StartApplication"/>
</testsuite> <!-- testcases.StartApplication -->
