<?xml version="1.0" encoding="UTF-8"?>
<!-- Generated by org.testng.reporters.JUnitReportReporter -->
<testsuite hostname="Mukesh" name="testcases.StartChrome" tests="1" failures="0" timestamp="10 Jul 2016 17:14:55 GMT" time="26.129" errors="0">
  <testcase name="test1" time="26.129" classname="testcases.StartChrome"/>
</testsuite> <!-- testcases.StartChrome -->
